HDF5-DIAG: Error detected in HDF5 (version (number)) thread (IDs):
  #000: (file name) line (number) in H5Rdereference2(): unable to dereference object
    major: References
    minor: Unable to initialize object
  #001: (file name) line (number) in H5R_dereference(): Undefined reference pointer
    major: Invalid arguments to routine
    minor: Bad value
HDF5-DIAG: Error detected in HDF5 (version (number)) thread (IDs):
  #000: (file name) line (number) in H5Rdereference2(): unable to dereference object
    major: References
    minor: Unable to initialize object
  #001: (file name) line (number) in H5R_dereference(): Undefined reference pointer
    major: Invalid arguments to routine
    minor: Bad value
HDF5-DIAG: Error detected in HDF5 (version (number)) thread (IDs):
  #000: (file name) line (number) in H5Rdereference2(): unable to dereference object
    major: References
    minor: Unable to initialize object
  #001: (file name) line (number) in H5R_dereference(): Undefined reference pointer
    major: Invalid arguments to routine
    minor: Bad value
H5tools-DIAG: Error detected in HDF5:tools (version (number)) thread (IDs):
  #000: (file name) line (number) in h5tools_dump_simple_data(): H5Rdereference failed
    major: Failure in tools library
    minor: error in function
  #001: (file name) line (number) in h5tools_dump_simple_data(): H5Rdereference failed
    major: Failure in tools library
    minor: error in function
  #002: (file name) line (number) in h5tools_dump_simple_data(): H5Rdereference failed
    major: Failure in tools library
    minor: error in function
