HDF5-DIAG: Error detected in HDF5 (version (number)) thread (IDs):
  #000: (file name) line (number) in H5Dopen2(): unable to open dataset
    major: Dataset
    minor: Can't open object
  #001: (file name) line (number) in H5VL_dataset_open(): open failed
    major: Virtual Object Layer
    minor: Can't open object
  #002: (file name) line (number) in H5VL_native_dataset_open(): unable to open dataset
    major: Dataset
    minor: Can't open object
  #003: (file name) line (number) in H5D__open_name(): not found
    major: Dataset
    minor: Object not found
  #004: (file name) line (number) in H5G_loc_find(): can't find object
    major: Symbol table
    minor: Object not found
  #005: (file name) line (number) in H5G_traverse(): internal path traversal failed
    major: Symbol table
    minor: Object not found
  #006: (file name) line (number) in H5G_traverse_real(): traversal operator failed
    major: Symbol table
    minor: Callback failed
  #007: (file name) line (number) in H5G_loc_find_cb(): object 'dset3' doesn't exist
    major: Symbol table
    minor: Object not found
HDF5-DIAG: Error detected in HDF5 (version (number)) thread (IDs):
  #000: (file name) line (number) in H5Lget_info(): unable to get link info
    major: Internal error (too specific to document in detail)
    minor: Can't get value
  #001: (file name) line (number) in H5VL_link_get(): get failed
    major: Virtual Object Layer
    minor: Can't get value
  #002: (file name) line (number) in H5VL_native_link_get(): unable to get link info
    major: Links
    minor: Object not found
  #003: (file name) line (number) in H5L_get_info(): name doesn't exist
    major: Symbol table
    minor: Object already exists
  #004: (file name) line (number) in H5G_traverse(): internal path traversal failed
    major: Symbol table
    minor: Object not found
  #005: (file name) line (number) in H5G_traverse_real(): traversal operator failed
    major: Symbol table
    minor: Callback failed
  #006: (file name) line (number) in H5L_get_info_cb(): name doesn't exist
    major: Symbol table
    minor: Object not found
h5dump error: unable to get link info from "dset3"
