warning: Tag 'CLANG_ASSISTED_PARSING' at line 1081 of file '../../doxyfiles/mydoxy' belongs to an option that was not enabled at compile time.
         To avoid this warning please remove this line from your configuration file or upgrade it using "doxygen -u", or recompile doxygen with this feature enabled.
warning: Tag 'CLANG_OPTIONS' at line 1089 of file '../../doxyfiles/mydoxy' belongs to an option that was not enabled at compile time.
         To avoid this warning please remove this line from your configuration file or upgrade it using "doxygen -u", or recompile doxygen with this feature enabled.
warning: Tag 'CLANG_DATABASE_PATH' at line 1099 of file '../../doxyfiles/mydoxy' belongs to an option that was not enabled at compile time.
         To avoid this warning please remove this line from your configuration file or upgrade it using "doxygen -u", or recompile doxygen with this feature enabled.
Doxygen version used: 1.8.18
Searching for include files...
Searching for example files...
Searching for files in directory /mnt/ftp/pub/outgoing/bljones/doxygen/myclean/src
Searching for files in directory /mnt/ftp/pub/outgoing/bljones/doxygen/myclean/examples
Searching for files in directory /mnt/ftp/pub/outgoing/bljones/doxygen/myclean/test
Searching for files in directory /mnt/ftp/pub/outgoing/bljones/doxygen/myclean/test/testfiles
Searching for files in directory /mnt/ftp/pub/outgoing/bljones/doxygen/myclean/test/testfiles/plist_files
Searching for files in directory /mnt/ftp/pub/outgoing/bljones/doxygen/myclean/doxygen/examples
Searching for images...
Searching for dot files...
Searching for msc files...
Searching for dia files...
Searching for files to exclude
Searching for files in directory /mnt/ftp/pub/outgoing/bljones/doxygen/myclean/doxygen/examples
Searching INPUT for files to process...
Searching for files in directory /mnt/ftp/pub/outgoing/bljones/doxygen/myclean
Searching for files in directory /mnt/ftp/pub/outgoing/bljones/doxygen/myclean/bin
Searching for files in directory /mnt/ftp/pub/outgoing/bljones/doxygen/myclean/bin/batch
Searching for files in directory /mnt/ftp/pub/outgoing/bljones/doxygen/myclean/bin/pkgscrpts
Searching for files in directory /mnt/ftp/pub/outgoing/bljones/doxygen/myclean/c++
Searching for files in directory /mnt/ftp/pub/outgoing/bljones/doxygen/myclean/c++/examples
Searching for files in directory /mnt/ftp/pub/outgoing/bljones/doxygen/myclean/c++/src
Searching for files in directory /mnt/ftp/pub/outgoing/bljones/doxygen/myclean/c++/src/header_files
Searching for files in directory /mnt/ftp/pub/outgoing/bljones/doxygen/myclean/c++/test
Searching for files in directory /mnt/ftp/pub/outgoing/bljones/doxygen/myclean/config
Searching for files in directory /mnt/ftp/pub/outgoing/bljones/doxygen/myclean/config/clang-warnings
Searching for files in directory /mnt/ftp/pub/outgoing/bljones/doxygen/myclean/config/cmake
Searching for files in directory /mnt/ftp/pub/outgoing/bljones/doxygen/myclean/config/cmake/scripts
Searching for files in directory /mnt/ftp/pub/outgoing/bljones/doxygen/myclean/config/cmake/scripts/HPC
Searching for files in directory /mnt/ftp/pub/outgoing/bljones/doxygen/myclean/config/cmake/UserMacros
Searching for files in directory /mnt/ftp/pub/outgoing/bljones/doxygen/myclean/config/cmake_ext_mod
Searching for files in directory /mnt/ftp/pub/outgoing/bljones/doxygen/myclean/config/gnu-warnings
Searching for files in directory /mnt/ftp/pub/outgoing/bljones/doxygen/myclean/config/intel-warnings
Searching for files in directory /mnt/ftp/pub/outgoing/bljones/doxygen/myclean/config/sanitizer
Searching for files in directory /mnt/ftp/pub/outgoing/bljones/doxygen/myclean/config/site-specific
Searching for files in directory /mnt/ftp/pub/outgoing/bljones/doxygen/myclean/config/toolchain
Searching for files in directory /mnt/ftp/pub/outgoing/bljones/doxygen/myclean/doc
Searching for files in directory /mnt/ftp/pub/outgoing/bljones/doxygen/myclean/doxygen
Searching for files in directory /mnt/ftp/pub/outgoing/bljones/doxygen/myclean/doxygen/@DOXYGEN_OUTPUT_DIRECTORY@
Searching for files in directory /mnt/ftp/pub/outgoing/bljones/doxygen/myclean/doxygen/dox
Searching for files in directory /mnt/ftp/pub/outgoing/bljones/doxygen/myclean/doxygen/examples
Searching for files in directory /mnt/ftp/pub/outgoing/bljones/doxygen/myclean/doxygen/img
Searching for files in directory /mnt/ftp/pub/outgoing/bljones/doxygen/myclean/examples
Searching for files in directory /mnt/ftp/pub/outgoing/bljones/doxygen/myclean/fortran
Searching for files in directory /mnt/ftp/pub/outgoing/bljones/doxygen/myclean/fortran/examples
Searching for files in directory /mnt/ftp/pub/outgoing/bljones/doxygen/myclean/fortran/src
Searching for files in directory /mnt/ftp/pub/outgoing/bljones/doxygen/myclean/fortran/test
Searching for files in directory /mnt/ftp/pub/outgoing/bljones/doxygen/myclean/fortran/testpar
Searching for files in directory /mnt/ftp/pub/outgoing/bljones/doxygen/myclean/hl
Searching for files in directory /mnt/ftp/pub/outgoing/bljones/doxygen/myclean/hl/c++
Searching for files in directory /mnt/ftp/pub/outgoing/bljones/doxygen/myclean/hl/c++/examples
Searching for files in directory /mnt/ftp/pub/outgoing/bljones/doxygen/myclean/hl/c++/src
Searching for files in directory /mnt/ftp/pub/outgoing/bljones/doxygen/myclean/hl/c++/test
Searching for files in directory /mnt/ftp/pub/outgoing/bljones/doxygen/myclean/hl/examples
Searching for files in directory /mnt/ftp/pub/outgoing/bljones/doxygen/myclean/hl/fortran
Searching for files in directory /mnt/ftp/pub/outgoing/bljones/doxygen/myclean/hl/fortran/examples
Searching for files in directory /mnt/ftp/pub/outgoing/bljones/doxygen/myclean/hl/fortran/src
Searching for files in directory /mnt/ftp/pub/outgoing/bljones/doxygen/myclean/hl/fortran/test
Searching for files in directory /mnt/ftp/pub/outgoing/bljones/doxygen/myclean/hl/src
Searching for files in directory /mnt/ftp/pub/outgoing/bljones/doxygen/myclean/hl/test
Searching for files in directory /mnt/ftp/pub/outgoing/bljones/doxygen/myclean/hl/tools
Searching for files in directory /mnt/ftp/pub/outgoing/bljones/doxygen/myclean/hl/tools/gif2h5
Searching for files in directory /mnt/ftp/pub/outgoing/bljones/doxygen/myclean/hl/tools/gif2h5/testfiles
Searching for files in directory /mnt/ftp/pub/outgoing/bljones/doxygen/myclean/hl/tools/h5watch
Searching for files in directory /mnt/ftp/pub/outgoing/bljones/doxygen/myclean/hl/tools/testfiles
Searching for files in directory /mnt/ftp/pub/outgoing/bljones/doxygen/myclean/java
Searching for files in directory /mnt/ftp/pub/outgoing/bljones/doxygen/myclean/java/examples
Searching for files in directory /mnt/ftp/pub/outgoing/bljones/doxygen/myclean/java/examples/datasets
Searching for files in directory /mnt/ftp/pub/outgoing/bljones/doxygen/myclean/java/examples/datatypes
Searching for files in directory /mnt/ftp/pub/outgoing/bljones/doxygen/myclean/java/examples/groups
Searching for files in directory /mnt/ftp/pub/outgoing/bljones/doxygen/myclean/java/examples/intro
Searching for files in directory /mnt/ftp/pub/outgoing/bljones/doxygen/myclean/java/examples/testfiles
Searching for files in directory /mnt/ftp/pub/outgoing/bljones/doxygen/myclean/java/lib
Searching for files in directory /mnt/ftp/pub/outgoing/bljones/doxygen/myclean/java/lib/ext
Searching for files in directory /mnt/ftp/pub/outgoing/bljones/doxygen/myclean/java/src
Searching for files in directory /mnt/ftp/pub/outgoing/bljones/doxygen/myclean/java/src/hdf
Searching for files in directory /mnt/ftp/pub/outgoing/bljones/doxygen/myclean/java/src/hdf/hdf5lib
Searching for files in directory /mnt/ftp/pub/outgoing/bljones/doxygen/myclean/java/src/hdf/hdf5lib/callbacks
Searching for files in directory /mnt/ftp/pub/outgoing/bljones/doxygen/myclean/java/src/hdf/hdf5lib/exceptions
Searching for files in directory /mnt/ftp/pub/outgoing/bljones/doxygen/myclean/java/src/hdf/hdf5lib/structs
Searching for files in directory /mnt/ftp/pub/outgoing/bljones/doxygen/myclean/java/src/jni
Searching for files in directory /mnt/ftp/pub/outgoing/bljones/doxygen/myclean/java/test
Searching for files in directory /mnt/ftp/pub/outgoing/bljones/doxygen/myclean/java/test/testfiles
Searching for files in directory /mnt/ftp/pub/outgoing/bljones/doxygen/myclean/m4
Searching for files in directory /mnt/ftp/pub/outgoing/bljones/doxygen/myclean/release_docs
Searching for files in directory /mnt/ftp/pub/outgoing/bljones/doxygen/myclean/src
Searching for files in directory /mnt/ftp/pub/outgoing/bljones/doxygen/myclean/test
Searching for files in directory /mnt/ftp/pub/outgoing/bljones/doxygen/myclean/test/testfiles
Searching for files in directory /mnt/ftp/pub/outgoing/bljones/doxygen/myclean/test/testfiles/plist_files
Searching for files in directory /mnt/ftp/pub/outgoing/bljones/doxygen/myclean/testpar
Searching for files in directory /mnt/ftp/pub/outgoing/bljones/doxygen/myclean/tools
Searching for files in directory /mnt/ftp/pub/outgoing/bljones/doxygen/myclean/tools/lib
Searching for files in directory /mnt/ftp/pub/outgoing/bljones/doxygen/myclean/tools/libtest
Searching for files in directory /mnt/ftp/pub/outgoing/bljones/doxygen/myclean/tools/src
Searching for files in directory /mnt/ftp/pub/outgoing/bljones/doxygen/myclean/tools/src/h5copy
Searching for files in directory /mnt/ftp/pub/outgoing/bljones/doxygen/myclean/tools/src/h5diff
Searching for files in directory /mnt/ftp/pub/outgoing/bljones/doxygen/myclean/tools/src/h5dump
Searching for files in directory /mnt/ftp/pub/outgoing/bljones/doxygen/myclean/tools/src/h5format_convert
Searching for files in directory /mnt/ftp/pub/outgoing/bljones/doxygen/myclean/tools/src/h5import
Searching for files in directory /mnt/ftp/pub/outgoing/bljones/doxygen/myclean/tools/src/h5jam
Searching for files in directory /mnt/ftp/pub/outgoing/bljones/doxygen/myclean/tools/src/h5ls
Searching for files in directory /mnt/ftp/pub/outgoing/bljones/doxygen/myclean/tools/src/h5repack
Searching for files in directory /mnt/ftp/pub/outgoing/bljones/doxygen/myclean/tools/src/h5stat
Searching for files in directory /mnt/ftp/pub/outgoing/bljones/doxygen/myclean/tools/src/misc
Searching for files in directory /mnt/ftp/pub/outgoing/bljones/doxygen/myclean/tools/test
Searching for files in directory /mnt/ftp/pub/outgoing/bljones/doxygen/myclean/tools/test/h5copy
Searching for files in directory /mnt/ftp/pub/outgoing/bljones/doxygen/myclean/tools/test/h5copy/testfiles
Searching for files in directory /mnt/ftp/pub/outgoing/bljones/doxygen/myclean/tools/test/h5diff
Searching for files in directory /mnt/ftp/pub/outgoing/bljones/doxygen/myclean/tools/test/h5diff/testfiles
Searching for files in directory /mnt/ftp/pub/outgoing/bljones/doxygen/myclean/tools/test/h5dump
Searching for files in directory /mnt/ftp/pub/outgoing/bljones/doxygen/myclean/tools/test/h5dump/errfiles
Searching for files in directory /mnt/ftp/pub/outgoing/bljones/doxygen/myclean/tools/test/h5format_convert
Searching for files in directory /mnt/ftp/pub/outgoing/bljones/doxygen/myclean/tools/test/h5format_convert/testfiles
Searching for files in directory /mnt/ftp/pub/outgoing/bljones/doxygen/myclean/tools/test/h5import
Searching for files in directory /mnt/ftp/pub/outgoing/bljones/doxygen/myclean/tools/test/h5import/testfiles
Searching for files in directory /mnt/ftp/pub/outgoing/bljones/doxygen/myclean/tools/test/h5jam
Searching for files in directory /mnt/ftp/pub/outgoing/bljones/doxygen/myclean/tools/test/h5jam/testfiles
Searching for files in directory /mnt/ftp/pub/outgoing/bljones/doxygen/myclean/tools/test/h5ls
Searching for files in directory /mnt/ftp/pub/outgoing/bljones/doxygen/myclean/tools/test/h5ls/errfiles
Searching for files in directory /mnt/ftp/pub/outgoing/bljones/doxygen/myclean/tools/test/h5ls/vds_prefix
Searching for files in directory /mnt/ftp/pub/outgoing/bljones/doxygen/myclean/tools/test/h5repack
Searching for files in directory /mnt/ftp/pub/outgoing/bljones/doxygen/myclean/tools/test/h5repack/testfiles
Searching for files in directory /mnt/ftp/pub/outgoing/bljones/doxygen/myclean/tools/test/h5stat
Searching for files in directory /mnt/ftp/pub/outgoing/bljones/doxygen/myclean/tools/test/h5stat/testfiles
Searching for files in directory /mnt/ftp/pub/outgoing/bljones/doxygen/myclean/tools/test/misc
Searching for files in directory /mnt/ftp/pub/outgoing/bljones/doxygen/myclean/tools/test/misc/testfiles
Searching for files in directory /mnt/ftp/pub/outgoing/bljones/doxygen/myclean/tools/test/misc/vds
Searching for files in directory /mnt/ftp/pub/outgoing/bljones/doxygen/myclean/tools/test/perform
Searching for files in directory /mnt/ftp/pub/outgoing/bljones/doxygen/myclean/tools/testfiles
Searching for files in directory /mnt/ftp/pub/outgoing/bljones/doxygen/myclean/tools/testfiles/pbits
Searching for files in directory /mnt/ftp/pub/outgoing/bljones/doxygen/myclean/tools/testfiles/vds
Searching for files in directory /mnt/ftp/pub/outgoing/bljones/doxygen/myclean/utils
Searching for files in directory /mnt/ftp/pub/outgoing/bljones/doxygen/myclean/utils/mirror_vfd
Searching for files in directory /mnt/ftp/pub/outgoing/bljones/doxygen/myclean/doxygen/dox
Reading and parsing tag files
Parsing files
Preprocessing /mnt/ftp/pub/outgoing/bljones/doxygen/myclean/doxygen/dox/api-compat-macros.dox...
Parsing file /mnt/ftp/pub/outgoing/bljones/doxygen/myclean/doxygen/dox/api-compat-macros.dox...
Preprocessing /mnt/ftp/pub/outgoing/bljones/doxygen/myclean/doxygen/dox/H5Acreate.dox...
Parsing file /mnt/ftp/pub/outgoing/bljones/doxygen/myclean/doxygen/dox/H5Acreate.dox...
Preprocessing /mnt/ftp/pub/outgoing/bljones/doxygen/myclean/doxygen/dox/H5Aiterate.dox...
Parsing file /mnt/ftp/pub/outgoing/bljones/doxygen/myclean/doxygen/dox/H5Aiterate.dox...
Preprocessing /mnt/ftp/pub/outgoing/bljones/doxygen/myclean/doxygen/dox/H5Fget_info.dox...
Parsing file /mnt/ftp/pub/outgoing/bljones/doxygen/myclean/doxygen/dox/H5Fget_info.dox...
Preprocessing /mnt/ftp/pub/outgoing/bljones/doxygen/myclean/doxygen/dox/H5Lget_info.dox...
Parsing file /mnt/ftp/pub/outgoing/bljones/doxygen/myclean/doxygen/dox/H5Lget_info.dox...
Preprocessing /mnt/ftp/pub/outgoing/bljones/doxygen/myclean/doxygen/dox/H5Lget_info_by_idx.dox...
Parsing file /mnt/ftp/pub/outgoing/bljones/doxygen/myclean/doxygen/dox/H5Lget_info_by_idx.dox...
Preprocessing /mnt/ftp/pub/outgoing/bljones/doxygen/myclean/doxygen/dox/H5Literate.dox...
Parsing file /mnt/ftp/pub/outgoing/bljones/doxygen/myclean/doxygen/dox/H5Literate.dox...
Preprocessing /mnt/ftp/pub/outgoing/bljones/doxygen/myclean/doxygen/dox/H5Literate_by_name.dox...
Parsing file /mnt/ftp/pub/outgoing/bljones/doxygen/myclean/doxygen/dox/H5Literate_by_name.dox...
Preprocessing /mnt/ftp/pub/outgoing/bljones/doxygen/myclean/doxygen/dox/H5Lvisit.dox...
Parsing file /mnt/ftp/pub/outgoing/bljones/doxygen/myclean/doxygen/dox/H5Lvisit.dox...
Preprocessing /mnt/ftp/pub/outgoing/bljones/doxygen/myclean/doxygen/dox/H5Lvisit_by_name.dox...
Parsing file /mnt/ftp/pub/outgoing/bljones/doxygen/myclean/doxygen/dox/H5Lvisit_by_name.dox...
Preprocessing /mnt/ftp/pub/outgoing/bljones/doxygen/myclean/doxygen/dox/H5Oget_info.dox...
Parsing file /mnt/ftp/pub/outgoing/bljones/doxygen/myclean/doxygen/dox/H5Oget_info.dox...
Preprocessing /mnt/ftp/pub/outgoing/bljones/doxygen/myclean/doxygen/dox/H5Oget_info_by_idx.dox...
Parsing file /mnt/ftp/pub/outgoing/bljones/doxygen/myclean/doxygen/dox/H5Oget_info_by_idx.dox...
Preprocessing /mnt/ftp/pub/outgoing/bljones/doxygen/myclean/doxygen/dox/H5Oget_info_by_name.dox...
Parsing file /mnt/ftp/pub/outgoing/bljones/doxygen/myclean/doxygen/dox/H5Oget_info_by_name.dox...
Preprocessing /mnt/ftp/pub/outgoing/bljones/doxygen/myclean/doxygen/dox/H5Ovisit.dox...
Parsing file /mnt/ftp/pub/outgoing/bljones/doxygen/myclean/doxygen/dox/H5Ovisit.dox...
Preprocessing /mnt/ftp/pub/outgoing/bljones/doxygen/myclean/doxygen/dox/H5Ovisit_by_name.dox...
Parsing file /mnt/ftp/pub/outgoing/bljones/doxygen/myclean/doxygen/dox/H5Ovisit_by_name.dox...
Preprocessing /mnt/ftp/pub/outgoing/bljones/doxygen/myclean/doxygen/dox/H5Sencode.dox...
Parsing file /mnt/ftp/pub/outgoing/bljones/doxygen/myclean/doxygen/dox/H5Sencode.dox...
Preprocessing /mnt/ftp/pub/outgoing/bljones/doxygen/myclean/doxygen/dox/mainpage.dox...
Parsing file /mnt/ftp/pub/outgoing/bljones/doxygen/myclean/doxygen/dox/mainpage.dox...
Preprocessing /mnt/ftp/pub/outgoing/bljones/doxygen/myclean/doxygen/dox/rm-template.dox...
Parsing file /mnt/ftp/pub/outgoing/bljones/doxygen/myclean/doxygen/dox/rm-template.dox...
Preprocessing /mnt/ftp/pub/outgoing/bljones/doxygen/myclean/hl/src/H5DOpublic.h...
Parsing file /mnt/ftp/pub/outgoing/bljones/doxygen/myclean/hl/src/H5DOpublic.h...
Preprocessing /mnt/ftp/pub/outgoing/bljones/doxygen/myclean/hl/src/H5DSpublic.h...
Parsing file /mnt/ftp/pub/outgoing/bljones/doxygen/myclean/hl/src/H5DSpublic.h...
Preprocessing /mnt/ftp/pub/outgoing/bljones/doxygen/myclean/hl/src/H5IMpublic.h...
Parsing file /mnt/ftp/pub/outgoing/bljones/doxygen/myclean/hl/src/H5IMpublic.h...
Preprocessing /mnt/ftp/pub/outgoing/bljones/doxygen/myclean/hl/src/H5LDpublic.h...
Parsing file /mnt/ftp/pub/outgoing/bljones/doxygen/myclean/hl/src/H5LDpublic.h...
Preprocessing /mnt/ftp/pub/outgoing/bljones/doxygen/myclean/hl/src/H5LTpublic.h...
Parsing file /mnt/ftp/pub/outgoing/bljones/doxygen/myclean/hl/src/H5LTpublic.h...
Preprocessing /mnt/ftp/pub/outgoing/bljones/doxygen/myclean/hl/src/H5PTpublic.h...
Parsing file /mnt/ftp/pub/outgoing/bljones/doxygen/myclean/hl/src/H5PTpublic.h...
Preprocessing /mnt/ftp/pub/outgoing/bljones/doxygen/myclean/hl/src/H5TBpublic.h...
Parsing file /mnt/ftp/pub/outgoing/bljones/doxygen/myclean/hl/src/H5TBpublic.h...
Preprocessing /mnt/ftp/pub/outgoing/bljones/doxygen/myclean/src/H5ACmodule.h...
Parsing file /mnt/ftp/pub/outgoing/bljones/doxygen/myclean/src/H5ACmodule.h...
Preprocessing /mnt/ftp/pub/outgoing/bljones/doxygen/myclean/src/H5ACpublic.h...
Parsing file /mnt/ftp/pub/outgoing/bljones/doxygen/myclean/src/H5ACpublic.h...
Preprocessing /mnt/ftp/pub/outgoing/bljones/doxygen/myclean/src/H5Amodule.h...
Parsing file /mnt/ftp/pub/outgoing/bljones/doxygen/myclean/src/H5Amodule.h...
Preprocessing /mnt/ftp/pub/outgoing/bljones/doxygen/myclean/src/H5Apublic.h...
Parsing file /mnt/ftp/pub/outgoing/bljones/doxygen/myclean/src/H5Apublic.h...
Preprocessing /mnt/ftp/pub/outgoing/bljones/doxygen/myclean/src/H5B2module.h...
Parsing file /mnt/ftp/pub/outgoing/bljones/doxygen/myclean/src/H5B2module.h...
Preprocessing /mnt/ftp/pub/outgoing/bljones/doxygen/myclean/src/H5Bmodule.h...
Parsing file /mnt/ftp/pub/outgoing/bljones/doxygen/myclean/src/H5Bmodule.h...
Preprocessing /mnt/ftp/pub/outgoing/bljones/doxygen/myclean/src/H5Cmodule.h...
Parsing file /mnt/ftp/pub/outgoing/bljones/doxygen/myclean/src/H5Cmodule.h...
Preprocessing /mnt/ftp/pub/outgoing/bljones/doxygen/myclean/src/H5Cpublic.h...
Parsing file /mnt/ftp/pub/outgoing/bljones/doxygen/myclean/src/H5Cpublic.h...
Preprocessing /mnt/ftp/pub/outgoing/bljones/doxygen/myclean/src/H5CXmodule.h...
Parsing file /mnt/ftp/pub/outgoing/bljones/doxygen/myclean/src/H5CXmodule.h...
Preprocessing /mnt/ftp/pub/outgoing/bljones/doxygen/myclean/src/H5Dmodule.h...
Parsing file /mnt/ftp/pub/outgoing/bljones/doxygen/myclean/src/H5Dmodule.h...
Preprocessing /mnt/ftp/pub/outgoing/bljones/doxygen/myclean/src/H5Dpublic.h...
Parsing file /mnt/ftp/pub/outgoing/bljones/doxygen/myclean/src/H5Dpublic.h...
Preprocessing /mnt/ftp/pub/outgoing/bljones/doxygen/myclean/src/H5EAmodule.h...
Parsing file /mnt/ftp/pub/outgoing/bljones/doxygen/myclean/src/H5EAmodule.h...
Preprocessing /mnt/ftp/pub/outgoing/bljones/doxygen/myclean/src/H5Emodule.h...
Parsing file /mnt/ftp/pub/outgoing/bljones/doxygen/myclean/src/H5Emodule.h...
Preprocessing /mnt/ftp/pub/outgoing/bljones/doxygen/myclean/src/H5Epublic.h...
Parsing file /mnt/ftp/pub/outgoing/bljones/doxygen/myclean/src/H5Epublic.h...
Preprocessing /mnt/ftp/pub/outgoing/bljones/doxygen/myclean/src/H5ESpublic.h...
Parsing file /mnt/ftp/pub/outgoing/bljones/doxygen/myclean/src/H5ESpublic.h...
Preprocessing /mnt/ftp/pub/outgoing/bljones/doxygen/myclean/src/H5FAmodule.h...
Parsing file /mnt/ftp/pub/outgoing/bljones/doxygen/myclean/src/H5FAmodule.h...
Preprocessing /mnt/ftp/pub/outgoing/bljones/doxygen/myclean/src/H5FDdrvr_module.h...
Parsing file /mnt/ftp/pub/outgoing/bljones/doxygen/myclean/src/H5FDdrvr_module.h...
Preprocessing /mnt/ftp/pub/outgoing/bljones/doxygen/myclean/src/H5FDmodule.h...
Parsing file /mnt/ftp/pub/outgoing/bljones/doxygen/myclean/src/H5FDmodule.h...
Preprocessing /mnt/ftp/pub/outgoing/bljones/doxygen/myclean/src/H5FDpublic.h...
Parsing file /mnt/ftp/pub/outgoing/bljones/doxygen/myclean/src/H5FDpublic.h...
Preprocessing /mnt/ftp/pub/outgoing/bljones/doxygen/myclean/src/H5FLmodule.h...
Parsing file /mnt/ftp/pub/outgoing/bljones/doxygen/myclean/src/H5FLmodule.h...
Preprocessing /mnt/ftp/pub/outgoing/bljones/doxygen/myclean/src/H5Fmodule.h...
Parsing file /mnt/ftp/pub/outgoing/bljones/doxygen/myclean/src/H5Fmodule.h...
Preprocessing /mnt/ftp/pub/outgoing/bljones/doxygen/myclean/src/H5Fpublic.h...
Parsing file /mnt/ftp/pub/outgoing/bljones/doxygen/myclean/src/H5Fpublic.h...
Preprocessing /mnt/ftp/pub/outgoing/bljones/doxygen/myclean/src/H5FSmodule.h...
Parsing file /mnt/ftp/pub/outgoing/bljones/doxygen/myclean/src/H5FSmodule.h...
Preprocessing /mnt/ftp/pub/outgoing/bljones/doxygen/myclean/src/H5Gmodule.h...
Parsing file /mnt/ftp/pub/outgoing/bljones/doxygen/myclean/src/H5Gmodule.h...
Preprocessing /mnt/ftp/pub/outgoing/bljones/doxygen/myclean/src/H5Gpublic.h...
Parsing file /mnt/ftp/pub/outgoing/bljones/doxygen/myclean/src/H5Gpublic.h...
Preprocessing /mnt/ftp/pub/outgoing/bljones/doxygen/myclean/src/H5HFmodule.h...
Parsing file /mnt/ftp/pub/outgoing/bljones/doxygen/myclean/src/H5HFmodule.h...
Preprocessing /mnt/ftp/pub/outgoing/bljones/doxygen/myclean/src/H5HGmodule.h...
Parsing file /mnt/ftp/pub/outgoing/bljones/doxygen/myclean/src/H5HGmodule.h...
Preprocessing /mnt/ftp/pub/outgoing/bljones/doxygen/myclean/src/H5HLmodule.h...
Parsing file /mnt/ftp/pub/outgoing/bljones/doxygen/myclean/src/H5HLmodule.h...
Preprocessing /mnt/ftp/pub/outgoing/bljones/doxygen/myclean/src/H5Imodule.h...
Parsing file /mnt/ftp/pub/outgoing/bljones/doxygen/myclean/src/H5Imodule.h...
Preprocessing /mnt/ftp/pub/outgoing/bljones/doxygen/myclean/src/H5Ipublic.h...
Parsing file /mnt/ftp/pub/outgoing/bljones/doxygen/myclean/src/H5Ipublic.h...
Preprocessing /mnt/ftp/pub/outgoing/bljones/doxygen/myclean/src/H5Lmodule.h...
Parsing file /mnt/ftp/pub/outgoing/bljones/doxygen/myclean/src/H5Lmodule.h...
Preprocessing /mnt/ftp/pub/outgoing/bljones/doxygen/myclean/src/H5Lpublic.h...
Parsing file /mnt/ftp/pub/outgoing/bljones/doxygen/myclean/src/H5Lpublic.h...
Preprocessing /mnt/ftp/pub/outgoing/bljones/doxygen/myclean/src/H5MFmodule.h...
Parsing file /mnt/ftp/pub/outgoing/bljones/doxygen/myclean/src/H5MFmodule.h...
Preprocessing /mnt/ftp/pub/outgoing/bljones/doxygen/myclean/src/H5Mmodule.h...
Parsing file /mnt/ftp/pub/outgoing/bljones/doxygen/myclean/src/H5Mmodule.h...
Preprocessing /mnt/ftp/pub/outgoing/bljones/doxygen/myclean/src/H5MMpublic.h...
Parsing file /mnt/ftp/pub/outgoing/bljones/doxygen/myclean/src/H5MMpublic.h...
Preprocessing /mnt/ftp/pub/outgoing/bljones/doxygen/myclean/src/H5MPmodule.h...
Parsing file /mnt/ftp/pub/outgoing/bljones/doxygen/myclean/src/H5MPmodule.h...
Preprocessing /mnt/ftp/pub/outgoing/bljones/doxygen/myclean/src/H5Mpublic.h...
Parsing file /mnt/ftp/pub/outgoing/bljones/doxygen/myclean/src/H5Mpublic.h...
Preprocessing /mnt/ftp/pub/outgoing/bljones/doxygen/myclean/src/H5Omodule.h...
Parsing file /mnt/ftp/pub/outgoing/bljones/doxygen/myclean/src/H5Omodule.h...
Preprocessing /mnt/ftp/pub/outgoing/bljones/doxygen/myclean/src/H5Opublic.h...
Parsing file /mnt/ftp/pub/outgoing/bljones/doxygen/myclean/src/H5Opublic.h...
Preprocessing /mnt/ftp/pub/outgoing/bljones/doxygen/myclean/src/H5PBmodule.h...
Parsing file /mnt/ftp/pub/outgoing/bljones/doxygen/myclean/src/H5PBmodule.h...
Preprocessing /mnt/ftp/pub/outgoing/bljones/doxygen/myclean/src/H5PLmodule.h...
Parsing file /mnt/ftp/pub/outgoing/bljones/doxygen/myclean/src/H5PLmodule.h...
Preprocessing /mnt/ftp/pub/outgoing/bljones/doxygen/myclean/src/H5PLpublic.h...
Parsing file /mnt/ftp/pub/outgoing/bljones/doxygen/myclean/src/H5PLpublic.h...
Preprocessing /mnt/ftp/pub/outgoing/bljones/doxygen/myclean/src/H5Pmodule.h...
Parsing file /mnt/ftp/pub/outgoing/bljones/doxygen/myclean/src/H5Pmodule.h...
Preprocessing /mnt/ftp/pub/outgoing/bljones/doxygen/myclean/src/H5Ppublic.h...
Parsing file /mnt/ftp/pub/outgoing/bljones/doxygen/myclean/src/H5Ppublic.h...
Preprocessing /mnt/ftp/pub/outgoing/bljones/doxygen/myclean/src/H5public.h...
Parsing file /mnt/ftp/pub/outgoing/bljones/doxygen/myclean/src/H5public.h...
Preprocessing /mnt/ftp/pub/outgoing/bljones/doxygen/myclean/src/H5Rmodule.h...
Parsing file /mnt/ftp/pub/outgoing/bljones/doxygen/myclean/src/H5Rmodule.h...
Preprocessing /mnt/ftp/pub/outgoing/bljones/doxygen/myclean/src/H5Rpublic.h...
Parsing file /mnt/ftp/pub/outgoing/bljones/doxygen/myclean/src/H5Rpublic.h...
Preprocessing /mnt/ftp/pub/outgoing/bljones/doxygen/myclean/src/H5SLmodule.h...
Parsing file /mnt/ftp/pub/outgoing/bljones/doxygen/myclean/src/H5SLmodule.h...
Preprocessing /mnt/ftp/pub/outgoing/bljones/doxygen/myclean/src/H5SMmodule.h...
Parsing file /mnt/ftp/pub/outgoing/bljones/doxygen/myclean/src/H5SMmodule.h...
Preprocessing /mnt/ftp/pu/mnt/ftp/pub/outgoing/bljones/doxygen/myclean/doxygen/dox/H5Acreate.dox:2: warning: documentation for unknown define H5Acreate found.

/mnt/ftp/pub/outgoing/bljones/doxygen/myclean/doxygen/dox/H5Aiterate.dox:2: warning: documentation for unknown define H5Aiterate found.

/mnt/ftp/pub/outgoing/bljones/doxygen/myclean/doxygen/dox/H5Fget_info.dox:2: warning: documentation for unknown define H5Fget_info found.

/mnt/ftp/pub/outgoing/bljones/doxygen/myclean/doxygen/dox/H5Lget_info.dox:2: warning: documentation for unknown define H5Lget_info found.

/mnt/ftp/pub/outgoing/bljones/doxygen/myclean/doxygen/dox/H5Lget_info_by_idx.dox:2: warning: documentation for unknown define H5Lget_info_by_idx found.

/mnt/ftp/pub/outgoing/bljones/doxygen/myclean/doxygen/dox/H5Literate.dox:2: warning: documentation for unknown define H5Literate found.

/mnt/ftp/pub/outgoing/bljones/doxygen/myclean/doxygen/dox/H5Literate_by_name.dox:2: warning: documentation for unknown define H5Literate_by_name found.

/mnt/ftp/pub/outgoing/bljones/doxygen/myclean/doxygen/dox/H5Lvisit.dox:2: warning: documentation for unknown define H5Lvisit found.

/mnt/ftp/pub/outgoing/bljones/doxygen/myclean/doxygen/dox/H5Lvisit_by_name.dox:2: warning: documentation for unknown define H5Lvisit_by_name found.

/mnt/ftp/pub/outgoing/bljones/doxygen/myclean/doxygen/dox/H5Oget_info.dox:2: warning: documentation for unknown define H5Oget_info found.

/mnt/ftp/pub/outgoing/bljones/doxygen/myclean/doxygen/dox/H5Oget_info_by_idx.dox:2: warning: documentation for unknown define H5Oget_info_by_idx found.

/mnt/ftp/pub/outgoing/bljones/doxygen/myclean/doxygen/dox/H5Oget_info_by_name.dox:2: warning: documentation for unknown define H5Oget_info_by_name found.

/mnt/ftp/pub/outgoing/bljones/doxygen/myclean/doxygen/dox/H5Ovisit.dox:2: warning: documentation for unknown define H5Ovisit found.

/mnt/ftp/pub/outgoing/bljones/doxygen/myclean/doxygen/dox/H5Ovisit_by_name.dox:2: warning: documentation for unknown define H5Ovisit_by_name found.

/mnt/ftp/pub/outgoing/bljones/doxygen/myclean/doxygen/dox/H5Sencode.dox:2: warning: documentation for unknown define H5Sencode found.

error: Problems running latex. Check your installation or look for typos in _formulas.tex and check _formulas.log!
sh: dvips: command not found
error: Problems running dvips. Check your installation!
b/outgoing/bljones/doxygen/myclean/src/H5Smodule.h...
Parsing file /mnt/ftp/pub/outgoing/bljones/doxygen/myclean/src/H5Smodule.h...
Preprocessing /mnt/ftp/pub/outgoing/bljones/doxygen/myclean/src/H5Spublic.h...
Parsing file /mnt/ftp/pub/outgoing/bljones/doxygen/myclean/src/H5Spublic.h...
Preprocessing /mnt/ftp/pub/outgoing/bljones/doxygen/myclean/src/H5Tmodule.h...
Parsing file /mnt/ftp/pub/outgoing/bljones/doxygen/myclean/src/H5Tmodule.h...
Preprocessing /mnt/ftp/pub/outgoing/bljones/doxygen/myclean/src/H5Tpublic.h...
Parsing file /mnt/ftp/pub/outgoing/bljones/doxygen/myclean/src/H5Tpublic.h...
Preprocessing /mnt/ftp/pub/outgoing/bljones/doxygen/myclean/src/H5VLconnector.h...
Parsing file /mnt/ftp/pub/outgoing/bljones/doxygen/myclean/src/H5VLconnector.h...
Preprocessing /mnt/ftp/pub/outgoing/bljones/doxygen/myclean/src/H5VLconnector_passthru.h...
Parsing file /mnt/ftp/pub/outgoing/bljones/doxygen/myclean/src/H5VLconnector_passthru.h...
Preprocessing /mnt/ftp/pub/outgoing/bljones/doxygen/myclean/src/H5VLmodule.h...
Parsing file /mnt/ftp/pub/outgoing/bljones/doxygen/myclean/src/H5VLmodule.h...
Preprocessing /mnt/ftp/pub/outgoing/bljones/doxygen/myclean/src/H5VLnative.h...
Parsing file /mnt/ftp/pub/outgoing/bljones/doxygen/myclean/src/H5VLnative.h...
Preprocessing /mnt/ftp/pub/outgoing/bljones/doxygen/myclean/src/H5VLpublic.h...
Parsing file /mnt/ftp/pub/outgoing/bljones/doxygen/myclean/src/H5VLpublic.h...
Preprocessing /mnt/ftp/pub/outgoing/bljones/doxygen/myclean/src/H5Zmodule.h...
Parsing file /mnt/ftp/pub/outgoing/bljones/doxygen/myclean/src/H5Zmodule.h...
Preprocessing /mnt/ftp/pub/outgoing/bljones/doxygen/myclean/src/H5Zpublic.h...
Parsing file /mnt/ftp/pub/outgoing/bljones/doxygen/myclean/src/H5Zpublic.h...
Building group list...
Building directory list...
Building namespace list...
Building file list...
Building class list...
Computing nesting relations for classes...
Associating documentation with classes...
Building example list...
Searching for enumerations...
Searching for documented typedefs...
Searching for members imported via using declarations...
Searching for included using directives...
Searching for documented variables...
Building interface member list...
Building member list...
Searching for friends...
Searching for documented defines...
Computing class inheritance relations...
Computing class usage relations...
Flushing cached template relations that have become invalid...
Computing class relations...
Add enum values to enums...
Searching for member function documentation...
Creating members for template instances...
Building page list...
Search for main page...
Computing page relations...
Determining the scope of groups...
Sorting lists...
Determining which enums are documented
Computing member relations...
Building full member lists recursively...
Adding members to member groups.
Computing member references...
Inheriting documentation...
Generating disk names...
Adding source references...
Adding xrefitems...
Sorting member lists...
Setting anonymous enum type...
Computing dependencies between directories...
Generating citations page...
Counting members...
Counting data structures...
Resolving user defined references...
Finding anchors and sections in the documentation...
Transferring function references...
Combining using relations...
Adding members to index pages...
Correcting members for VHDL...
Generating style sheet...
Generating search indices...
Generating images for formulas in HTML...
Generating image form_0.png for formula
Generating example documentation...
Generating docs for example H5Fclose.c...
Generating docs for example H5Fcreate.c...
Generating file sources...
Generating file documentation...
Generating docs for file dox/api-compat-macros.dox...
Generating docs for file dox/H5Acreate.dox...
Generating docs for file dox/H5Aiterate.dox...
Generating docs for file dox/H5Fget_info.dox...
Generating docs for file dox/H5Lget_info.dox...
Generating docs for file dox/H5Lget_info_by_idx.dox...
Generating docs for file dox/H5Literate.dox...
Generating docs for file dox/H5Literate_by_name.dox...
Generating docs for file dox/H5Lvisit.dox...
Generating docs for file dox/H5Lvisit_by_name.dox...
Generating docs for file dox/H5Oget_info.dox...
Generating docs for file dox/H5Oget_info_by_idx.dox...
Generating docs for file dox/H5Oget_info_by_name.dox...
Generating docs for file dox/H5Ovisit.dox...
Generating docs for file dox/H5Ovisit_by_name.dox...
Generating docs for file dox/H5Sencode.dox...
Generating docs for file dox/mainpage.dox...
Generating docs for file dox/rm-template.dox...
Generating docs for file /mnt/ftp/pub/outgoing/bljones/doxygen/myclean/hl/src/H5DOpublic.h...
Generating docs for file /mnt/ftp/pub/outgoing/bljones/doxygen/myclean/hl/src/H5DSpublic.h...
Generating docs for file /mnt/ftp/pub/outgoing/bljones/doxygen/myclean/hl/src/H5IMpublic.h...
Generating docs for file /mnt/ftp/pub/outgoing/bljones/doxygen/myclean/hl/src/H5LDpublic.h...
Generating docs for file /mnt/ftp/pub/outgoing/bljones/doxygen/myclean/hl/src/H5LTpublic.h...
Generating docs for file /mnt/ftp/pub/outgoing/bljones/doxygen/myclean/hl/src/H5PTpublic.h...
Generating docs for file /mnt/ftp/pub/outgoing/bljones/doxygen/myclean/hl/src/H5TBpublic.h...
Generating docs for file /mnt/ftp/pub/outgoing/bljones/doxygen/myclean/src/H5ACmodule.h...
Generating docs for file /mnt/ftp/pub/outgoing/bljones/doxygen/myclean/src/H5ACpublic.h...
Generating docs for file /mnt/ftp/pub/outgoing/bljones/doxygen/myclean/src/H5Amodule.h...
Generating docs for file /mnt/ftp/pub/outgoing/bljones/doxygen/myclean/src/H5Apublic.h...
Generating docs for file /mnt/ftp/pub/outgoing/bljones/doxygen/myclean/src/H5B2module.h...
Generating docs for file /mnt/ftp/pub/outgoing/bljones/doxygen/myclean/src/H5Bmodule.h...
Generating docs for file /mnt/ftp/pub/outgoing/bljones/doxygen/myclean/src/H5Cmodule.h...
Generating docs for file /mnt/ftp/pub/outgoing/bljones/doxygen/myclean/src/H5Cpublic.h...
Generating docs for file /mnt/ftp/pub/outgoing/bljones/doxygen/myclean/src/H5CXmodule.h...
Generating docs for file /mnt/ftp/pub/outgoing/bljones/doxygen/myclean/src/H5Dmodule.h...
Generating docs for file /mnt/ftp/pub/outgoing/bljones/doxygen/myclean/src/H5Dpublic.h...
Generating docs for file /mnt/ftp/pub/outgoing/bljones/doxygen/myclean/src/H5EAmodule.h...
Generating docs for file /mnt/ftp/pub/outgoing/bljones/doxygen/myclean/src/H5Emodule.h...
Generating docs for file /mnt/ftp/pub/outgoing/bljones/doxygen/myclean/src/H5Epublic.h...
Generating docs for file /mnt/ftp/pub/outgoing/bljones/doxygen/myclean/src/H5ESpublic.h...
Generating docs for file /mnt/ftp/pub/outgoing/bljones/doxygen/myclean/src/H5FAmodule.h...
Generating docs for file /mnt/ftp/pub/outgoing/bljones/doxygen/myclean/src/H5FDdrvr_module.h...
Generating docs for file /mnt/ftp/pub/outgoing/bljones/doxygen/myclean/src/H5FDmodule.h...
Generating docs for file /mnt/ftp/pub/outgoing/bljones/doxygen/myclean/src/H5FDpublic.h...
Generating docs for file /mnt/ftp/pub/outgoing/bljones/doxygen/myclean/src/H5FLmodule.h...
Generating docs for file /mnt/ftp/pub/outgoing/bljones/doxygen/myclean/src/H5Fmodule.h...
Generating docs for file /mnt/ftp/pub/outgoing/bljones/doxygen/myclean/src/H5Fpublic.h...
Generating docs for file /mnt/ftp/pub/outgoing/bljones/doxygen/myclean/src/H5FSmodule.h...
Generating docs for file /mnt/ftp/pub/outgoing/bljones/doxygen/myclean/src/H5Gmodule.h...
Generating docs for file /mnt/ftp/pub/outgoing/bljones/doxygen/myclean/src/H5Gpublic.h...
Generating docs for file /mnt/ftp/pub/outgoing/bljones/doxygen/myclean/src/H5HFmodule.h...
Generating docs for file /mnt/ftp/pub/outgoing/bljones/doxygen/myclean/src/H5HGmodule.h...
Generating docs for file /mnt/ftp/pub/outgoing/bljones/doxygen/myclean/src/H5HLmodule.h...
Generating docs for file /mnt/ftp/pub/outgoing/bljones/doxygen/myclean/src/H5Imodule.h...
Generating docs for file /mnt/ftp/pub/outgoing/bljones/doxygen/myclean/src/H5Ipublic.h...
Generating docs for file /mnt/ftp/pub/outgoing/bljones/doxygen/myclean/src/H5Lmodule.h...
Generating docs for file /mnt/ftp/pub/outgoing/bljones/doxygen/myclean/src/H5Lpublic.h...
Generating docs for file /mnt/ftp/pub/o/mnt/ftp/pub/outgoing/bljones/doxygen/myclean/doxygen/dox/api-compat-macros.dox:690: warning: unable to resolve reference to 'H5E_auto_t' for \ref command
/mnt/ftp/pub/outgoing/bljones/doxygen/myclean/doxygen/dox/api-compat-macros.dox:807: warning: unable to resolve reference to 'H5Z_class_t' for \ref command
todo:35: warning: unexpected token TK_COMMAND_BS as the argument of _internalref
deprecated:1: warning: expected <dt> tag but found <p> instead!
deprecated:2: warning: Unexpected tag <dd> found
deprecated:3: warning: Unexpected tag <dd> found
deprecated:5: warning: Unexpected tag <dd> found
deprecated:6: warning: explicit link request to 'H5Fget_info' could not be resolved
deprecated:8: warning: Unexpected tag <dd> found
deprecated:9: warning: Unexpected tag <dd> found
/mnt/ftp/pub/outgoing/bljones/doxygen/myclean/src/H5Fpublic.h:1358: warning: explicit link request to 'H5Fget_info' could not be resolved
/mnt/ftp/pub/outgoing/bljones/doxygen/myclean/doxygen/dox/mainpage.dox:12: warning: unable to resolve reference to 'PDT' for \ref command
/mnt/ftp/pub/outgoing/bljones/doxygen/myclean/doxygen/dox/mainpage.dox:12: warning: unable to resolve reference to 'PDT' for \ref command
utgoing/bljones/doxygen/myclean/src/H5MFmodule.h...
Generating docs for file /mnt/ftp/pub/outgoing/bljones/doxygen/myclean/src/H5Mmodule.h...
Generating docs for file /mnt/ftp/pub/outgoing/bljones/doxygen/myclean/src/H5MMpublic.h...
Generating docs for file /mnt/ftp/pub/outgoing/bljones/doxygen/myclean/src/H5MPmodule.h...
Generating docs for file /mnt/ftp/pub/outgoing/bljones/doxygen/myclean/src/H5Mpublic.h...
Generating docs for file /mnt/ftp/pub/outgoing/bljones/doxygen/myclean/src/H5Omodule.h...
Generating docs for file /mnt/ftp/pub/outgoing/bljones/doxygen/myclean/src/H5Opublic.h...
Generating docs for file /mnt/ftp/pub/outgoing/bljones/doxygen/myclean/src/H5PBmodule.h...
Generating docs for file /mnt/ftp/pub/outgoing/bljones/doxygen/myclean/src/H5PLmodule.h...
Generating docs for file /mnt/ftp/pub/outgoing/bljones/doxygen/myclean/src/H5PLpublic.h...
Generating docs for file /mnt/ftp/pub/outgoing/bljones/doxygen/myclean/src/H5Pmodule.h...
Generating docs for file /mnt/ftp/pub/outgoing/bljones/doxygen/myclean/src/H5Ppublic.h...
Generating docs for file /mnt/ftp/pub/outgoing/bljones/doxygen/myclean/src/H5public.h...
Generating docs for file /mnt/ftp/pub/outgoing/bljones/doxygen/myclean/src/H5Rmodule.h...
Generating docs for file /mnt/ftp/pub/outgoing/bljones/doxygen/myclean/src/H5Rpublic.h...
Generating docs for file /mnt/ftp/pub/outgoing/bljones/doxygen/myclean/src/H5SLmodule.h...
Generating docs for file /mnt/ftp/pub/outgoing/bljones/doxygen/myclean/src/H5SMmodule.h...
Generating docs for file /mnt/ftp/pub/outgoing/bljones/doxygen/myclean/src/H5Smodule.h...
Generating docs for file /mnt/ftp/pub/outgoing/bljones/doxygen/myclean/src/H5Spublic.h...
Generating docs for file /mnt/ftp/pub/outgoing/bljones/doxygen/myclean/src/H5Tmodule.h...
Generating docs for file /mnt/ftp/pub/outgoing/bljones/doxygen/myclean/src/H5Tpublic.h...
Generating docs for file /mnt/ftp/pub/outgoing/bljones/doxygen/myclean/src/H5VLconnector.h...
Generating docs for file /mnt/ftp/pub/outgoing/bljones/doxygen/myclean/src/H5VLconnector_passthru.h...
Generating docs for file /mnt/ftp/pub/outgoing/bljones/doxygen/myclean/src/H5VLmodule.h...
Generating docs for file /mnt/ftp/pub/outgoing/bljones/doxygen/myclean/src/H5VLnative.h...
Generating docs for file /mnt/ftp/pub/outgoing/bljones/doxygen/myclean/src/H5VLpublic.h...
Generating docs for file /mnt/ftp/pub/outgoing/bljones/doxygen/myclean/src/H5Zmodule.h...
Generating docs for file /mnt/ftp/pub/outgoing/bljones/doxygen/myclean/src/H5Zpublic.h...
Generating page documentation...
Generating docs for page api-compat-macros...
Generating docs for page todo...
Generating docs for page deprecated...
Generating group documentation...
Generating class documentation...
Generating docs for compound H5_alloc_stats_t...
Generating docs for compound H5_ih_info_t...
Generating docs for compound H5A_info_t...
Generating docs for compound H5AC_cache_config_t...
Generating docs for compound H5AC_cache_image_config_t...
Generating docs for compound H5E_error1_t...
Generating docs for compound H5E_error2_t...
Generating docs for compound H5F_info1_t...
Generating docs for compound H5F_info2_t...
Generating docs for compound H5F_retry_info_t...
Generating docs for compound H5F_sect_info_t...
Generating docs for compound H5FD_class_t...
Generating docs for compound H5FD_file_image_callbacks_t...
Generating docs for compound H5FD_free_t...
Generating docs for compound H5FD_t...
Generating docs for compound H5G_info_t...
Generating docs for compound H5G_stat_t...
Generating docs for compound H5L_class_0_t...
Generating docs for compound H5L_class_t...
Generating docs for compound H5L_info1_t...
Generating docs for compound H5L_info2_t...
Generating docs for compound H5O_hdr_info_t...
Generating docs for compound H5O_info1_t...
Generating docs for compound H5O_info2_t...
Generating docs for compound H5O_native_info_t...
Generating docs for compound H5O_stat_t...
Generating docs for compound H5O_token_t...
Generating docs for compound H5R_ref_t...
Generating docs for compound H5T_cdata_t...
Generating docs for compound H5VL_attr_class_t...
Generating docs for compound H5VL_blob_class_t...
Generating docs for compound H5VL_class_t...
Generating docs for compound H5VL_dataset_class_t...
Generating docs for compound H5VL_datatype_class_t...
Generating docs for compound H5VL_file_class_t...
Generating docs for compound H5VL_file_cont_info_t...
Generating docs for compound H5VL_group_class_t...
Generating docs for compound H5VL_info_class_t...
Generating docs for compound H5VL_introspect_class_t...
Generating docs for compound H5VL_link_class_t...
Generating docs for compound H5VL_loc_by_idx_t...
Generating docs for compound H5VL_loc_by_name_t...
Generating docs for compound H5VL_loc_by_token_t...
Generating docs for compound H5VL_loc_params_t...
Generating docs for compound H5VL_object_class_t...
Generating docs for compound H5VL_request_class_t...
Generating docs for compound H5VL_token_class_t...
Generating docs for compound H5VL_wrap_class_t...
Generating docs for compound H5Z_cb_t...
Generating docs for compound H5Z_class1_t...
Generating docs for compound H5Z_class2_t...
Generating docs for compound hdset_reg_ref_t...
Generating docs for compound hvl_t...
Generating namespace index...
Generating graph info page...
Generating directory documentation...
Generating index page...
Generating page index...
Generating module index...
Generating namespace index...
Generating namespace member index...
Generating annotated compound index...
Generating alphabetical compound index...
Generating hierarchical class index...
Generating member index...
Generating file index...
Generating file member index...
Generating example index...
finalizing index lists...
writing tag file...
Running plantuml with JAVA...
lookup cache used 2318/65536 hits=11410 misses=2357
finished...
